<?xml version="1.0" encoding="UTF-8"?>
<!-- Generated by org.testng.reporters.JUnitXMLReporter -->
<testsuite ignored="0" hostname="LAPTOP-POCHI3TQ" failures="0" tests="14" name="Default test" time="7.831" errors="0" timestamp="2023-11-23T16:53:00 IST">
  <testcase classname="com.xyxbank.tests.CustomerLogin_DepositTest" name="testCustomerLogin" time="0.92"/>
  <testcase classname="com.xyxbank.tests.CustomerLogin_DepositTest" name="testYourNameDropDown" time="0.437"/>
  <testcase classname="com.xyxbank.tests.CustomerLogin_DepositTest" name="testCustomerName" time="0.112"/>
  <testcase classname="com.xyxbank.tests.CustomerLogin_DepositTest" name="testLogin" time="0.05"/>
  <testcase classname="com.xyxbank.tests.CustomerLogin_DepositTest" name="testCustomerNameAccountPage" time="0.04"/>
  <testcase classname="com.xyxbank.tests.CustomerLogin_DepositTest" name="testCustomerAccountNumber" time="0.532"/>
  <testcase classname="com.xyxbank.tests.CustomerLogin_DepositTest" name="testCustomerAccountNo" time="0.024"/>
  <testcase classname="com.xyxbank.tests.CustomerLogin_DepositTest" name="testDeposit" time="0.041"/>
  <testcase classname="com.xyxbank.tests.CustomerLogin_DepositTest" name="testAmount" time="0.541"/>
  <testcase classname="com.xyxbank.tests.CustomerLogin_DepositTest" name="testSubmit" time="0.066"/>
  <testcase classname="com.xyxbank.tests.CustomerLogin_DepositTest" name="testDepositMessage" time="0.032"/>
  <testcase classname="com.xyxbank.tests.CustomerLogin_DepositTest" name="testDepositAmount" time="0.034"/>
  <testcase classname="com.xyxbank.tests.CustomerLogin_DepositTest" name="testLogOut" time="0.065"/>
  <testcase classname="com.xyxbank.tests.CustomerLogin_DepositTest" name="testHome" time="0.049"/>
</testsuite> <!-- Default test -->
