<?xml version="1.0" encoding="UTF-8"?>
<!-- Generated by org.testng.reporters.JUnitXMLReporter -->
<testsuite ignored="0" hostname="LAPTOP-POCHI3TQ" failures="0" tests="4" name="Default test" time="28.846" errors="0" timestamp="2023-11-20T18:21:08 IST">
  <testcase classname="com.xyxbank.tests.HomeTest" name="testHomeButton" time="0.82"/>
  <testcase classname="com.xyxbank.tests.HomeTest" name="testCustomerLoginButton" time="0.027"/>
  <testcase classname="com.xyxbank.tests.HomeTest" name="testBankManagerLoginButton" time="0.026"/>
  <testcase classname="com.xyxbank.tests.HomeTest" name="testBankName" time="0.031"/>
</testsuite> <!-- Default test -->
