<?xml version="1.0" encoding="UTF-8"?>
<!-- Generated by org.testng.reporters.JUnitXMLReporter -->
<testsuite ignored="0" hostname="LAPTOP-POCHI3TQ" failures="0" tests="14" name="XYZ Bank Test" time="7.358" errors="0" timestamp="2023-11-23T17:00:01 IST">
  <testcase classname="com.xyxbank.tests.CustomerLogin_DepositTest" name="testCustomerLogin" time="0.891"/>
  <testcase classname="com.xyxbank.tests.CustomerLogin_DepositTest" name="testYourNameDropDown" time="0.572"/>
  <testcase classname="com.xyxbank.tests.CustomerLogin_DepositTest" name="testCustomerName" time="0.109"/>
  <testcase classname="com.xyxbank.tests.CustomerLogin_DepositTest" name="testLogin" time="0.043"/>
  <testcase classname="com.xyxbank.tests.CustomerLogin_DepositTest" name="testCustomerNameAccountPage" time="0.03"/>
  <testcase classname="com.xyxbank.tests.CustomerLogin_DepositTest" name="testCustomerAccountNumber" time="0.528"/>
  <testcase classname="com.xyxbank.tests.CustomerLogin_DepositTest" name="testCustomerAccountNo" time="0.026"/>
  <testcase classname="com.xyxbank.tests.CustomerLogin_DepositTest" name="testDeposit" time="0.039"/>
  <testcase classname="com.xyxbank.tests.CustomerLogin_DepositTest" name="testAmount" time="0.473"/>
  <testcase classname="com.xyxbank.tests.CustomerLogin_DepositTest" name="testSubmit" time="0.049"/>
  <testcase classname="com.xyxbank.tests.CustomerLogin_DepositTest" name="testDepositMessage" time="0.026"/>
  <testcase classname="com.xyxbank.tests.CustomerLogin_DepositTest" name="testDepositAmount" time="0.024"/>
  <testcase classname="com.xyxbank.tests.CustomerLogin_DepositTest" name="testLogOut" time="0.053"/>
  <testcase classname="com.xyxbank.tests.CustomerLogin_DepositTest" name="testHome" time="0.047"/>
</testsuite> <!-- XYZ Bank Test -->
