<?xml version="1.0" encoding="UTF-8"?>
<testng-results ignored="0" total="7" passed="7" failed="0" skipped="0">
  <reporter-output>
  </reporter-output>
  <suite started-at="2023-11-28T16:34:10 IST" name="Default suite" finished-at="2023-11-28T16:34:40 IST" duration-ms="30690">
    <groups>
    </groups>
    <test started-at="2023-11-28T16:34:10 IST" name="Default test" finished-at="2023-11-28T16:34:40 IST" duration-ms="30690">
      <class name="com.xyxbank.tests.BankManagerLogin_CustomersTest">
        <test-method is-config="true" signature="setUp()[pri:0, instance:com.xyxbank.tests.BankManagerLogin_CustomersTest@75d3a5e0]" started-at="2023-11-28T16:34:10 IST" name="setUp" finished-at="2023-11-28T16:34:35 IST" duration-ms="25371" status="PASS">
          <reporter-output>
          </reporter-output>
        </test-method> <!-- setUp -->
        <test-method signature="testBankManagerLogin()[pri:1, instance:com.xyxbank.tests.BankManagerLogin_CustomersTest@75d3a5e0]" started-at="2023-11-28T16:34:35 IST" name="testBankManagerLogin" finished-at="2023-11-28T16:34:39 IST" duration-ms="3636" status="PASS">
          <reporter-output>
          </reporter-output>
        </test-method> <!-- testBankManagerLogin -->
        <test-method signature="testCustomersMenu()[pri:2, instance:com.xyxbank.tests.BankManagerLogin_CustomersTest@75d3a5e0]" started-at="2023-11-28T16:34:39 IST" name="testCustomersMenu" finished-at="2023-11-28T16:34:39 IST" duration-ms="590" status="PASS">
          <reporter-output>
          </reporter-output>
        </test-method> <!-- testCustomersMenu -->
        <test-method signature="testCustomers()[pri:3, instance:com.xyxbank.tests.BankManagerLogin_CustomersTest@75d3a5e0]" started-at="2023-11-28T16:34:39 IST" name="testCustomers" finished-at="2023-11-28T16:34:39 IST" duration-ms="65" status="PASS">
          <reporter-output>
          </reporter-output>
        </test-method> <!-- testCustomers -->
        <test-method signature="testCustomerName()[pri:4, instance:com.xyxbank.tests.BankManagerLogin_CustomersTest@75d3a5e0]" started-at="2023-11-28T16:34:39 IST" name="testCustomerName" finished-at="2023-11-28T16:34:40 IST" duration-ms="616" status="PASS">
          <reporter-output>
          </reporter-output>
        </test-method> <!-- testCustomerName -->
        <test-method signature="testDelete()[pri:5, instance:com.xyxbank.tests.BankManagerLogin_CustomersTest@75d3a5e0]" started-at="2023-11-28T16:34:40 IST" name="testDelete" finished-at="2023-11-28T16:34:40 IST" duration-ms="56" status="PASS">
          <reporter-output>
          </reporter-output>
        </test-method> <!-- testDelete -->
        <test-method signature="testHome()[pri:6, instance:com.xyxbank.tests.BankManagerLogin_CustomersTest@75d3a5e0]" started-at="2023-11-28T16:34:40 IST" name="testHome" finished-at="2023-11-28T16:34:40 IST" duration-ms="69" status="PASS">
          <reporter-output>
          </reporter-output>
        </test-method> <!-- testHome -->
        <test-method signature="testBankManagerLoginMenu()[pri:7, instance:com.xyxbank.tests.BankManagerLogin_CustomersTest@75d3a5e0]" started-at="2023-11-28T16:34:40 IST" name="testBankManagerLoginMenu" finished-at="2023-11-28T16:34:40 IST" duration-ms="42" status="PASS">
          <reporter-output>
          </reporter-output>
        </test-method> <!-- testBankManagerLoginMenu -->
        <test-method is-config="true" signature="tearDown()[pri:0, instance:com.xyxbank.tests.BankManagerLogin_CustomersTest@75d3a5e0]" started-at="2023-11-28T16:34:40 IST" name="tearDown" finished-at="2023-11-28T16:34:40 IST" duration-ms="182" status="PASS">
          <reporter-output>
          </reporter-output>
        </test-method> <!-- tearDown -->
      </class> <!-- com.xyxbank.tests.BankManagerLogin_CustomersTest -->
    </test> <!-- Default test -->
  </suite> <!-- Default suite -->
</testng-results>
